<?xml version="1.0" encoding="UTF-8"?>
<testng-results ignored="0" total="1" passed="1" failed="0" skipped="0">
  <reporter-output>
  </reporter-output>
  <suite started-at="2021-05-15T22:23:54 IST" name="Default suite" finished-at="2021-05-15T22:24:08 IST" duration-ms="13999">
    <groups>
    </groups>
    <test started-at="2021-05-15T22:23:54 IST" name="Default test" finished-at="2021-05-15T22:24:08 IST" duration-ms="13999">
      <class name="testcases.Login">
        <test-method is-config="true" signature="initiateDriver()[pri:0, instance:testcases.Login@67c33749]" started-at="2021-05-15T22:23:53 IST" name="initiateDriver" finished-at="2021-05-15T22:23:54 IST" duration-ms="1648" status="PASS">
          <reporter-output>
          </reporter-output>
        </test-method> <!-- initiateDriver -->
        <test-method signature="loginOrangeHrm()[pri:0, instance:testcases.Login@67c33749]" started-at="2021-05-15T22:23:54 IST" name="loginOrangeHrm" finished-at="2021-05-15T22:24:08 IST" duration-ms="13973" status="PASS">
          <reporter-output>
          </reporter-output>
        </test-method> <!-- loginOrangeHrm -->
      </class> <!-- testcases.Login -->
    </test> <!-- Default test -->
  </suite> <!-- Default suite -->
</testng-results>
